[    0.000000] Linux version 4.15.0-206-generic (buildd@lcy0-amd64-070) (gcc versin 7.5.0 (Ubuntu 7.5.0-3ubuntu~18.04)) #217-Ubunu MPFri Feb 319:10:13 UTC 202 (Ubuntu 4.15.0-206.217-generic 4.5.18)
[    0.000000] Command line: BOOT_IMAGE=/boot/vmlinuz-4.15.0-206-generic root=LABEL=cloudimg-rootfs ro console=tty1 console=ttyS0
[    0.000000] KERNEL supported cpus:
[    0.000000]   Intel GenuineIntel
[    0.000000]   AMD AuthenticAMD
[    0.000000]   Centaur CentaurHauls
[    0.000000] x86/fpu: Supporting XSAVE feature 0x001: 'x87 floating poin registers'
[    0.000000] x86/fpu: Supporting XSAVE feature 0x002: 'SSE registers'
[    0.000000] x86/fpu: Supporting XSAVE feature 0x004: 'AVX registers'
[    0.000000] x86/fpu: xstate_offset[2]:  576, xstate_sizes[2]:  256
[    0.000000] x86/fpu: Enabled xstate features 0x7, context size is 832 bytes, using 'standard' format.
[    0.000000] e820: BIOS-provided physical RAM map:
[    0.000000] BIOS-e820: [mem 0x0000000000000000-0x000000000009fbff] usable
[    0.000000] BIOS-e820: [mem 0x000000000009fc00-0x000000000009ffff] reserved
[    0.000000] BIOS-e820: [mem 0x00000000000f0000-0x00000000000fffff] reserved
[    0.000000] BIOS-e20: [em 0x000000000100000-0x000000003ffeffff] usable
[    0.000000] IOS-e820: [mem 0x000000003fff0000-0x00000003fffffff] ACPI data
[    0.000000] BIOS-e820: [mem 0x00000000fec00000-0x00000000fec00fff] reserved
[    0.000000] BIOS-e820: [mem 0x00000000fee00000-0x00000000fee00fff] reserved
[    0.000000] BIOS-e820: [mem 0x00000000fff0000-0x00000000ffffffff] reserved
[    0.000000] NX (Execute Disable) protection: active
[    0.000000] SMBIOS 2.5 present.
[    0.000000] DMI: innotek GmbH VirtualBox/VirtualBox, BIOS VirtualBox 12/01/2006
[    0.000000] Hypervir detected: KVM
[   0.000000] e820: last_pfn = 0x3fff0 max_arch_pn = 0x400000000
[    0.000000] MTRR: Disabled
[    0.000000] x86/PAT: MTRRs disabled, skipping PAT initialization too.
[    0.000000] CPU MTRRs all blank - virtualized system.
[    0.000000] x86/PA: Configuration [0-7]: W  WT  UC- UC  WB  WT  UC- UC  
[    0.000000] found SMP MP-table at [mem 0x0009fff0-0x0009fffff]
[    0.000000] Scanning 1 areas for low memory corruption
[    0.000000] RAMDISK: [mem 0x359c9000-0x36cdbfff]
[    0.000000] ACPI: Early table checksum verification disabled
[    0.000000] ACPI: RSDP 0x00000000000E0000 000024 (v02 VBOX  )
[    0.000000] ACPI: XSDT 0x000000003FFF0030 00003C (v01 VBOX   VBOXXSDT 00000001 ASL  00000061)
[    0.000000] ACPI: FACP 0x000000003FFF00F0 0000F4 (v04 VBOX   VBOXFACP 00000001 ASL  00000061)
[    0.000000] ACPI: DSDT 0x000000003FFF0470 0021FF (v02 VBOX   VBOXBIOS 00000002 INTL 20100528)
[    0.000000] ACPI: FACS 0x000000003FFF0200 000040
[    0.000000] ACPI: FACS 0x000000003FFF0200 000040
[    0.000000] ACPI: APIC 0x000000003FFF0240 00005C (v02 VBOX   VBOXAPIC 00000001 ASL  00000061)
[    0.000000] ACPI: SSDT 0x000000003FFF02A0 0001CC (v01 VBOX   VBOXCPUT 00000002 INTL 20100528)
[    0.000000] ACPI: Reserving FACP table memory at [mem 0x3fff00f0-0x3fff01e3]
[    0.000000] ACPI: Reserving DSDT table memory at [mem 0x3fff0470-0x3fff266e]
[    0.000000] ACPI: Reserving FACS table memory at [mem 0x3fff0200-0x3fff023f]
[    0.000000] ACPI: Reserving FACS table memory at [mem 0x3fff0200-0x3fff023f]
[    0.000000] ACPI: Reserving APIC table memory at [mem 0x3fff0240-0x3fff029b]
[    0.000000] ACPI: Reserving SSDT table memory at [mem 0x3fff02a0-0x3fff046b]
[    0.000000] No NUMA configuration found
[    0.000000] Faking a node at [mem 0x0000000000000000-0x000000003ffeffff]
[    0.000000] NODE_DATA(0) allocated [mem 0x3ffc5000-0x3ffeffff]
[    0.000000] kvm-clock: cpu 0, msr 0:3ff44001, primary cpu clock
[    0.000000] kvm-clock: Using msrs 4b564d01 and 4b564d00
[    0.000000] kvm-clock: using sched offset of 8142728241 cycles
[    0.000000] clocksource: kvm-clock: mask: 0xffffffffffffffff max_cycles: 0x1cd42e4dffb, max_idle_ns: 881590591483 ns
[    0.000000] Zone ranges:
[    0.000000]   DMA      [mem 0x0000000000001000-0x0000000000ffffff]
[    0.000000]   DMA32    [mem 0x0000000001000000-0x000000003ffeffff]
[    0.000000]   Normal   empty
[    0.000000]   Device   empty
[    0.000000] Movable zone start for each node
[    0.000000] Early memory node ranges
[    0.000000]   node   0: [mem 0x0000000000001000-0x000000000009efff]
[    0.000000]   node   0: [mem 0x0000000000100000-0x000000003ffeffff]
[    0.000000] Reserved but unavailable: 104 pages
[    0.000000] Initmem setup node 0 [mem 0x0000000000001000-0x000000003ffeffff]
[    0.000000] ACPI: PM-Timer IO Port: 0x4008
[    0.000000] IOAPIC[0]: apic_id 2, version 32, address 0xfec00000, GSI 0-23
[    0.000000] ACPI: INT_SRC_OVR (bus 0 bus_irq 0 global_irq 2 dfl dfl)
[    0.000000] ACPI: INT_SRC_OVR (bus 0 bus_irq 9 global_irq 9 low level)
[    0.000000] Using ACPI (MADT) for SMP configuration information
[    0.000000] smpboot: Allowing 2 CPUs, 0 hotplug CPUs
[    0.000000] PM: Registered nosave memory: [mem 0x00000000-0x00000fff]
[    0.000000] PM: Registered nosave memory: [mem 0x0009f000-0x0009ffff]
[    0.000000] PM: Registered nosave memory: [mem 0x000a0000-0x000effff]
[    0.000000] PM: Registered nosave memory: [mem 0x000f0000-0x000fffff]
[    0.000000] e820: [mem 0x40000000-0xfebfffff] available for PCI devices
[    0.000000] Booting paravirtualized kernel on KVM
[    0.000000] clocksource: refined-jiffies: mask: 0xffffffff max_cycles: 0xffffffff, max_idle_ns: 7645519600211568 ns
[    0.000000] setup_percpu: NR_CPUS:8192 nr_cpumask_bits:2 nr_cpu_ids:2 nr_node_ids:1
[    0.000000] percpu: Embedded 50 pages/cpu s167936 r8192 d28672 u1048576
[    0.000000] PV qspinlock hash table entries: 256 (order: 0, 4096 bytes)
[    0.000000] Built 1 zonelists, mobility grouping on.  Total pages: 257913
[    0.000000] Policy zone: DMA32
[    0.000000] Kernel command line: BOOT_IMAGE=/boot/vmlinuz-4.15.0-206-generic root=LABEL=cloudimg-rootfs ro console=tty1 console=ttyS0
[    0.000000] Memory: 982640K/1048120K available (12300K kenel code, 2477K rwdata, 4324K rodata, 2480K init, 2720K bss, 65480K reserved, 0K cma-reserved)
[    0.000000] SLUB: HWalign=64, Order=0-3, MinObjects=0, CPUs=2, Nodes=1
[    0.000000] Kernel/User page tables isolation: enabled
[    0.000000] ftrace: allocating 39485 entries in 155 pages
[    0.004000] Hierarchical RCU implementation.
[    0.004000] 	RCU restricting CPUs from NR_CPUS=8192 to nr_cpu_ids=2.
[    0.004000] 	Tasks RCU enabled.
[    0.004000] RCU: Adjusting geometry for rcu_fanout_leaf=16, nr_cpu_ids=2
[    0.004000] NR_IRQS: 524544, nr_irqs: 440, preallocated irqs: 16
[    0.004000] random: crng init done
[    0.004000] Console: colour VGA+ 80x25
[    0.004000] console [tty1] enabled
[    0.004000] console ttyS0] enabled
[    0.004000] ACPI: Core revision 20170831
[    0.004000] ACPI: 2 ACPI AML tables successfully acquired and loaded
[    0.004000] APIC: Switch to symmetric I/O mode setup
[    0.004000] x2apic enabled
[    0.004014] Switched APIC routing to physical x2apic.
[    0.007672] ..TIMER: vector=0x30 apic1=0 pin1=2 apic2=-1 pin2=-1
[    0.008009] tsc: Detected 1799.999 MHz processor
[    0.010168] Calibrating delay loop (skipped) preset value.. 3599.99 BogoMIPS (lpj=7199996)
[    0.012010] pid_max: default: 32768 minimum: 301
[    0.016045] Security Framework initialized
[    0.020008] Yama: becoming mindful.
[    0.024044] AppArmor: AppArmor initialized
[    0.027070] Dentry cache hash table entries: 131072 (order: 8, 1048576 bytes)
[    0.028101] Inode-cache hash table entries: 65536 (order: 7, 524288 bytes)
[    0.032040] Mount-cache hash table entries: 2048 (order: 2, 16384 bytes)
[    0.035179] Mountpoint-cache hash table entries: 2048 (order: 2, 16384 bytes)
[    0.036315] Last level iTLB entries: 4KB 64, 2MB 8, 4MB 8
[    0.040009] Last level dTLB entries: 4KB 64, 2MB 0, 4MB 0, 1GB 4
[    0.044010] Spectre V1 : Mitigation: usercopy/swapgs barriers and __user pointer sanitization
[    0.048008] Spectre V2 : Mitigation: Retpolines
[    0.052009] Spectre V2 : Spectre v2 / SpectreRSB mitigation: Filling RSB on context switch
[    0.056007] Spectre V2 : Spectre v2 / SpectreRSB : Filling RSB on VMEXIT
[    0.060009] Speculative Store Bypass: Vulnerable
[    0.064062] MDS: Mitigation: Clear CPU buffers
[    0.066528] MMIO Stale Data: Unknown: No mitigations
[    0.068009] SRBDS: Unknown: Dependent on hypervisor status
[    0.072223] Freeing SMP alternatives memory: 36K
[    0.188226] smpboot: CPU0: Intel(R) Core(TM) i5-5350U CPU @ 1.80GHz (family: 0x6, model: 0x3d, stepping: 0x4)
[    0.192119] Performance Events: unsupported p6 CPU model 61 no PMU driver, software events only.
[    0.196102] Hierarchical SRCU implementation.
[    0.200744] NMI watchdog: Perf event create on CPU 0 failed with -2
[    0.204009] NMI watchdog: Perf NMI watchdog permanently disabled
[    0.208091] smp: Bringing up secondary CPUs ...
[    0.212162] x86: Booting SMP configuration:
[    0.213511] .... node  #0, CPUs:      #1
[    0.004000] kvm-clock: cpu 1, msr 0:3ff44041, secondary cpu clock
[    0.240124] smp: Brought up 1 node, 2 CPUs
[    0.244011] smpboot: Max logical packages: 1
[    0.248009] smpboot: Total of 2 processors activated (7199.99 BogoMIPS)
[    0.252173] devtmpfs: initialized
[    0.253117] x86/mm: Memory block size: 128MB
[    0.256165] evm: security.selinux
[    0.257652] evm: security.SMACK64
[    0.258676] evm: security.SMACK64EXEC
[    0.260007] evm: security.SMACK64TRANSMUTE
[    0.264007] evm: security.SMACK64MMAP
[    0.268008] evm: security.apparmor
[    0.272006] evm: security.ima
[    0.273351] evm: security.capability
[    0.274911] clocksource: jiffies: mask: 0xffffffff max_cycles: 0xffffffff, max_idle_ns: 7645041785100000 ns
[    0.276027] futex hash table entries: 512 (order: 3, 32768 bytes)
[    0.280077] pinctrl core: initialized pinctrl subsystem
[    0.286550] RTC time: 21:24:54, date: 03/17/23
[    0.288301] NET: Registered protocol family 16
[    0.292108] audit: initializing netlink subsys (disabled)
[    0.296061] audit: type=2000 audit(1679088301.777:1): state=initialized audit_enabled=0 res=1
[    0.308020] cpuidle: using governor ladder
[    0.309440] cpuidle: using governor menu
[    0.310765] ACPI: bus type PCI registered
[    0.312009] acpiphp: ACPI Hot Plug PCI Controller Driver version: 0.5
[    0.316187] PCI: Using configuration type 1 for base access
[    0.324619] HugeTLB registered 2.00 MiB page size, pre-allocated 0 pages
[    0.328228] ACPI: Added _OSI(Module Device)
[    0.329853] ACPI: Added _OSI(Processor Device)
[    0.332023] ACPI: Added _OSI(3.0 _SCP Extensions)
[    0.336009] ACPI: Added _OSI(Processor Aggregator Device)
[    0.337689] ACPI: Added _OSI(Linux-Dell-Video)
[    0.340010] ACPI: Added _OSI(Linux-Lenovo-NV-HDMI-Audio)
[    0.342263] ACPI: Added _OSI(Linux-HPI-Hybrid-Graphics)
[    0.344566] ACPI: Executed 1 blocks of module-level executable AML code
[    0.353229] ACPI: Interpreter enabled
[    0.356031] ACPI: (supports S0 S5)
[    0.357596] ACPI: Using IOAPIC for interrupt routing
[    0.360302] PCI: Using host bridge windows from ACPI; if necessary, use "pci=nocrs" and report a bug
[    0.364698] ACPI: Enabled 2 GPEs in block 00 to 07
[    0.383678] ACPI: PCI Root Bridge [PCI0] (domain 0000 [bus 00-ff])
[    0.384025] acpi PNP0A03:00: _OSC: OS supports [ASPM ClockPM Segments MSI]
[    0.388060] acpi PNP0A03:00: _OSC: not requesting OS control; OS requires [ExtendedConfig ASPM ClockPM MSI]
[    0.392038] acpi PNP0A03:00: fail to add MMCONFIG information, can't access extended PCI configuration space under this bridge.
[    0.396605] PCI host bridge to bus 0000:00
[    0.400008] pci_bus 0000:00: root bus resource [io  0x0000-0x0cf7 window]
[    0.404009] pci_bus 0000:00: root bus resource [io  0x0d00-0xffff window]
[    0.408008] pci_bus 0000:00: root bus resource [mem 0x000a0000-0x000bffff window]
[    0.412009] pci_bus 0000:00: root bus resource [mem 0x40000000-0xfdffffff window]
[    0.416009] pci_bus 0000:00: root bus resource [bus 00-ff]
[    0.425186] pci 0000:00:01.1: legacy IDE quirk: reg 0x10: [io  0x01f0-0x01f7]
[    0.428009] pci 0000:00:01.1: legacy IDE quirk: reg 0x14: [io  0x03f6]
[    0.432008] pci 0000:00:01.1: legacy IDE quirk: reg 0x18: [io  0x0170-0x0177]
[    0.436007] pci 0000:00:01.1: legacy IDE quirk: reg 0x1c: [io  0x0376]
[    0.476998] pci 0000:00:07.0: quirk: [io  0x4000-0x403f] claimed by PIIX4 ACPI
[    0.480038] pci 0000:00:07.0: quirk: [io  0x4100-0x410f] claimed by PIIX4 SMB
[    0.508013] ACPI: PCI Interrupt Link [LNKA] (IRQs 5 9 10 *11)
[    0.512601] ACPI: PCI Interrupt Link [LNKB] (IRQs 5 9 *10 11)
[    0.516274] ACPI: PCI Interrupt Link [LNKC] (IRQs 5 *9 10 11)
[    0.520221] ACPI: PCI Interrupt Link [LNKD] (IRQs 5 9 10 *11)
[    0.524481] SCSI subsystem initialized
[    0.528092] pci 0000:00:02.0: vgaarb: setting as boot VGA device
[    0.530896] pci 0000:00:02.0: vgaarb: VGA device added: decodes=io+mem,owns=io+mem,locks=none
[    0.532152] pci 0000:00:02.0: vgaarb: bridge control possible
[    0.536088] vgaarb: loaded
[    0.540107] ACPI: bus type USB registered
[    0.544580] usbcore: registered new interface driver usbfs
[    0.548032] usbcore: registered new interface driver hub
[    0.552136] usbcore: registered new device driver usb
[    0.556564] EDAC MC: Ver: 3.0.0
[    0.560468] PCI: Using ACPI for IRQ routing
[    0.564458] NetLabel: Initializing
[    0.568009] NetLabel:  domain hash size = 128
[    0.572007] NetLabel:  protocols = UNLABELED CIPSOv4 CALIPSO
[    0.576029] NetLabel:  unlabeled traffic allowed by default
[    0.580151] clocksource: Switched to clocksource kvm-clock
[   008355] VS: Disk qotas dquoot_6.6.0
[    0.751993] VFS: Dquot-cache hash table entries: 512 (orde 0, 4096 byts)
[    0.814599] AppArmor: AppArmor Filesystem Enabled
[    0.816789] pnp: PnP ACPI init
    0.819811] pnp: PnP ACPI: found 3 devices

[    0.868701] clocksource: acpi_pm: mask 0xffffff max_cycles: 0xffffff, max_idle_ns: 2085701024 ns
[    0.901600] NET: Registered protocol family 2
[    0.03380] IP idents hash table entries: 16384 (order: 5, 131072 bytes)

[    0.933945] TCP established hsh table enties: 812 (order: 4, 65536 bytes)

[    1.022450] TCP bind hash table entries: 8192 (order: 5, 1312 byte)
[    1.129097] TCP: Hash tbles configured(established 8192 bind 8192)
[    1.221917] UDP hash table entries: 512 (order: 2, 16384 bytes)
[    1.229210] DP-Lite hash table entries:512 (order 2, 16384 bytes)
[   1.322023] NET: Registered protocol family 1
[    1.350524] pci 0000:00:00.0: Limiting direct PCI/PC transfers
[    1.37647] pci 0000:00:01.0:Activating ISA MA hang workarounds
[    1.456607] pci 0000:00:02.0: Video device with shadowed ROM at [mem 0x000c0000-0x000dffff]
[    1.460190] Unpacking initramfs...

[    2.003724] Freeing initrd memory: 19532K
[    2.017534] clocksource: tsc: mask: 0xffffffffffffffff max_cycles: 0x19f228ab7a2, max_idle_ns: 440795289252 ns
[    2.028739] platform rtc_cmos: registered platform RTC device (no PNP device found)
[    2.050537] Scanning for low memory corruption every 60 seconds
[    2.058969] Initialise system trusted keyrings
[    2.062574] Key type blacklist registered
[    2.066034] workingset: timestamp_bits=36 max_order=18 bucket_order=0
[    2.069813] zbud: loaded
[    2.079565] squashfs: version 4.0 (2009/01/31) Phillip Lougher
[    2.090040] fuse init (API version 7.26)
[    2.100822] Key type asymmetric registered
[    2.102375] Asymmetric key parser 'x509' registered
[    2.104022] Block layer SCSI generic (bsg) driver version 0.4 loaded (major 246)
[    2.106644] io scheduler noop registered
[    2.108275] io scheduler deadline registered
[    2.110250] io scheduler cfq registered (default)
[    2.112931] ACPI: AC Adapter [AC] (on-line)
[    2.115000] input: Power Button as /devices/LNXSYSTM:00/LNXPWRBN:00/input/input0
[    2.124351] ACPI: Power Button [PWRF]
[    2.129855] input: Sleep Button as /devices/LNXSYSTM:00/LNXSLPBN:00/input/input1
[    2.136902] ACPI: Sleep Button [SLPF]
[    2.180543] Serial: 8250/16550 driver, 32 ports, IRQ sharing enabled
[    2.180853] ACPI Battery Slt [BAT0] (bttey present)

[    2.358697] 00:02: ttyS0 at I/O 0x3f8 (irq = 4, base_baud = 115200) is a 16550A
[    2.387319] Linux agpgart interface v0.103
[    2.398849] loop: module loaded
[    2.419714] scsi host0: ata_piix
[    2.433676] scsi host1: ata_piix
[    2.444049] ata1: PATA max UDMA/33 cmd 0x1f0 ctl 0x3f6 bmdma 0xd000 irq 14
[    2.473572] ata2: PATA max UDMA/33 cmd 0x170 ctl 0x376 bmdma 0xd008 irq 15
[    2.499489] tun: Universal TUN/TAP device driver, 1.6
[    2.508753] PPP generic driver version 2.4.2
[    2.515834] ehci_hcd: USB 2.0 'Enhanced' Host Controller (EHCI) Driver
[    2.518579] ehci-pci: EHCI PCI platform driver
[    2.520543] ehci-platform: EHCI generic platform driver
[    2.522749] ohci_hcd: USB 1.1 'Open' Host Controller (OHCI) Driver
[    2.536701] ohci-pci: OHCI PCI platform driver
[    2.560094] ohci-platform: OHCI generic platform driver
[    2.593826] uhci_hcd: USB Universal Host Controller Interface driver
[    2.604247] i8042: PNP: PS/2 Controller [PNP0303:PS2K,PNP0f03:PS2M] at 0x60,0x64 irq 1,12
[    2.620684] serio: i8042 KBD port at 0x60,0x64 irq 1
[    2.636481] serio: i8042 AUX port at 0x60,0x64 irq 12
[    2.662703] mousedev: PS/2 mouse device common for all mice
[    2.673198] input: AT Translated Set 2 keyboard as /devices/platform/i8042/serio0/input/input2
[    2.699667] rtc_cmos rtc_cmos: rtc core: registered rtc_cmos as rtc0
[    2.716205] rtc_cmos rtc_cmos: alarms up to one day, 114 bytes nvram
[    2.748236] i2c /dev entries driver
[    2.757888] device-mapper: uevent: version 1.0.3
[    2.781510] device-mapper: ioctl: 4.37.0-ioctl (2017-09-20) initialised: dm-devel@redhat.com
[    2.852309] ledtrig-cpu: registered to indicate activity on CPUs
[    2.860965] NET: Registered protocol family 10
[    2.876684] Segment Routing with IPv6
[    2.879602] NET: Registered protocol family 17
[    2.884233] Key type dns_resolver registered
[    2.894244] mce: Using 0 MCE banks
[    2.896852] RAS: Correctable Errors collector initialized.
[    2.906128] sched_clock: Marking stable (2906087612, 0)->(4994572272, -2088484660)
[    2.915077] registered taskstats version 1
[    2.918229] Loading compiled-in X.509 certificates
[    2.929152] Loaded X.509 cert 'Build time autogenerated kernel key: 4d405f87ce750406625b929cd2e51cc76ab5bcf4'
[    3.034920] Loaded X.509 cert 'Canonical Ltd. Live Patch Signing: 14df34d1a87cf37625abec039ef2bf521249b969'
[    3.120321] Loaded X.509 cert 'Canonical Ltd. Kernel Module Signing: 88f752e560a1e0737e31163a466ad7b70a850c19'
[    3.147310] blacklist: Loading compiled-in revocation X.509 certificates
[    3.154760] Loaded X.509 cert 'Canonical Ltd. Secure Boot Signing: 61482aa2830d0ab2ad5af10b7250da9033ddcef0'
[    3.170128] Loaded X.509 cert 'Canonical Ltd. Secure Boot Signing (2017): 242ade75ac4a15e50d50c84b0d45ff3eae707a03'
[    3.185191] Loaded X.509 cert 'Canonical Ltd. Secure Boot Signing (ESM 2018): 365188c1d374d6b07c3c8f240f8ef722433d6a8b'
[    3.197370] Loaded X.509 cert 'Canonical Ltd. Secure Boot Signing (2019): c0746fd6c5da3ae827864651ad66ae47fe24b3e8'
[    3.209564] Loaded X.509 cert 'Canonical Ltd. Secure Boot Signing (2021 v1): a8d54bbb3825cfb94fa13c9f8a594a195c107b8d'
[    3.230436] Loaded X.509 cert 'Canonical Ltd. Secure Boot Signing (2021 v2): 4cf046892d6fd3c9a5b03f98d845f90851dc6a8c'
[    3.253106] Loaded X.509 cert 'Canonical Ltd. Secure Boot Signing (2021 v3): 100437bb6de6e469b581e61cd66bce3ef4ed53af'
[    3.289416] Loaded X.509 cert 'Canonical Ltd. Secure Boot Signing (Ubuntu Core 2019): c1d57b8f6b743f23ee41f4f7ee292f06eecadfb9'
[    3.413366] zswap: loaded using pool lzo/zbud
[    3.427943] Key type big_key registered
[    3.429958] Key type trusted registered
[    3.441527] Key type encrypted registered
[    3.449567] AppArmor: AppArmor sha1 policy hashing enabled
[    3.451994] ima: No TPM chip found, activating TPM-bypass! (rc=-19)
[    3.469837] ima: Allocated hash algorithm: sha1
[    3.477277] evm: HMAC attrs: 0x1
[    3.481546]   Magic number: 15:860:449
[    3.497165] rtc_cmos rtc_cmos: setting system clock to 2023-03-17 21:24:57 UTC (1679088297)
[    3.503408] BIOS EDD facility v0.16 2004-Jun-25, 0 devices found
[    3.507733] EDD information not available.
[    3.513644] Freeing unused kernel image memory: 2480K
[    3.543503] Write protecting the kernel read-only data: 20480k
[    4.238215] Freeing unused kernel image memory: 2008K
[    4.247910] Freeing unused kernel image memory: 1820K
[    4.264942] x86/mm: Checked W+X mappings: passed, no W+X pages found.
[    4.268988] x86/mm: Checking user space page tables
[    4.721317] x86/mm: Checked W+X mappings: passed, no W+X pages found.
Loading, please wait...
starting version 237
[    5.567841] e1000: Intel(R) PRO/1000 Network Driver - version 7.3.21-k8-NAPI
[    5.571333] e1000: Copyright (c) 1999-2006 Intel Corporation.
[    5.579403] Fusion MPT base driver 3.04.20
[    5.583143] Copyright (c) 1999-2008 LSI Corporation
[    5.635297] AVX2 version of gcm_enc/dec engaged.
[    5.657249] AES CTR mode by8 optimization enabled
[    5.681919] Fusion MPT SPI Host driver 3.04.20
[    5.823861] input: ImExPS/2 Generic Explorer Mouse as /devices/platform/i8042/serio1/input/input4
[    6.119864] e1000 0000:00:03.0 eth0: (PCI:33MHz:32-bit) 02:df:c2:d4:51:e3
[    6.122429] e1000 0000:00:03.0 eth0: Intel(R) PRO/1000 Network Connection
[    6.615073] mptbase: ioc0: Initiating bringup
[    7.508825] ioc0: LSI53C1030 A0: Capabilities={Initiator}
[    8.336153] scsi host2: ioc0: LSI53C1030 A0, FwRev=00000000h, Ports=1, MaxQ=256, IRQ=20
[    9.054303] scsi 2:0:0:0: Direct-Access     VBOX     HARDDISK         1.0  PQ: 0 ANSI: 5
[    9.352099] scsi target2:0:0: Beginning Domain Validation
[    9.361008] scsi target2:0:0: Domain Validation skipping write tests
[    9.382697] scsi target2:0:0: Ending Domain Validation
[    9.407502] scsi target2:0:0: asynchronous
[    9.418655] scsi 2:0:1:0: Direct-Access     VBOX     HARDDISK         1.0  PQ: 0 ANSI: 5
[    9.672381] scsi target2:0:1: Beginning Domain Validation
[    9.682461] scsi target2:0:1: Domain Validation skipping write tests
[    9.695486] scsi target2:0:1: Ending Domain Validation
[    9.712629] scsi target2:0:1: asynchronous
[    9.751295] e1000 0000:00:08.0 eth1: (PCI:33MHz:32-bit) 08:00:27:34:82:9b
[    9.762200] e1000 0000:00:08.0 eth1: Intel(R) PRO/1000 Network Connection
[    9.805617] sd 2:0:0:0: Attached scsi generic sg0 type 0
[    9.822318] sd 2:0:0:0: [sda] 83886080 512-byte logical blocks: (42.9 GB/40.0 GiB)
[    9.935232] sd 2:0:1:0: Attached scsi generic sg1 type 0
[    9.936785] sd 2:0:0:0: [sda] Write Protect is off
[   10.196861] sd 2:0:1:0: [sdb] 20480 512-byte logical blocks: (10.5 MB/10.0 MiB)
[   10.196948] sd 2:0:0:0: [sda] Incomplete mode parameter data
[   10.217200] sd 2:0:1:0: [sdb] Write Protect is off
[   10.221800] sd 2:0:0:0: [sda] Assuming drive cache: write through
[   10.239729] sd 2:0:1:0: [sdb] Incomplete mode parameter data
[   10.249465] sd 2:0:1:0: [sdb] Assuming drive cache: write through
[   10.262457]  sda: sda1
[   10.270940] sd 2:0:1:0: [sdb] Attached SCSI disk
[   10.277755] sd 2:0:0:0: [sda] Attached SCSI disk
[   10.288201] e1000 0000:00:08.0 enp0s8: renamed from eth1
[   10.309632] e1000 0000:00:03.0 enp0s3: renamed from eth0
Begin: Loading essential drivers ... [   11.916118] raid6: sse2x1   gen()  8235 MB/s
[   11.964436] raid6: sse2x1   xor()  5261 MB/s
[   12.016170] raid6: sse2x2   gen()  7662 MB/s
[   12.082056] raid6: sse2x2   xor()  6170 MB/s
[   12.140102] raid6: sse2x4   gen() 12349 MB/s
[   12.196445] raid6: sse2x4   xor()  7026 MB/s
[   12.244612] raid6: avx2x1   gen() 10404 MB/s
[   12.292146] raid6: avx2x1   xor()  9629 MB/s
[   12.352629] raid6: avx2x2   gen() 19128 MB/s
[   12.416128] raid6: avx2x2   xor()  6680 MB/s
[   12.472156] raid6: avx2x4   gen() 20773 MB/s
[   12.520434] raid6: avx2x4   xor() 12192 MB/s
[   12.529406] raid6: using algorithm avx2x4 gen() 20773 MB/s
[   12.538595] raid6: .... xor() 12192 MB/s, rmw enabled
[   12.542005] raid6: using avx2x2 recovery algorithm
[   12.550635] xor: automatically using best checksumming function   avx       
[   12.561284] async_tx: api initialized (async)
done.
Begin: Running /scripts/init-premount ... done.
Begin: Mounting root file system ... Begin: Running /scripts/local-top ... done.
Begin: Running /scripts/local-premount ... [   12.657042] Btrfs loaded, crc32c=crc32c-intel
Scanning for Btrfs filesystems
done.
Warning: fsck not present, so skipping root file[   12.733192] EXT4-fs (sda1): INFO: recovery required on readonly filesystem
 system
[   12.760305] EXT4-fs (sda1): write access will be enabled during recovery
[   13.077734] EXT4-fs (sda1): recovery complete
[   13.095450] EXT4-fs (sda1): mounted filesystem with ordered data mode. Opts: (null)
done.
Begin: Running /scripts/local-bottom ... done.
Begin: Running /scripts/init-bottom ... done.
[   13.570798] ip_tables: (C) 2000-2006 Netfilter Core Team
[   13.615190] systemd[1]: systemd 237 running in system mode. (+PAM +AUDIT +SELINUX +IMA +APPARMOR +SMACK +SYSVINIT +UTMP +LIBCRYPTSETUP +GCRYPT +GNUTLS +ACL +XZ +LZ4 +SECCOMP +BLKID +ELFUTILS +KMOD -IDN2 +IDN -PCRE2 default-hierarchy=hybrid)
[   13.637413] systemd[1]: Detected virtualization oracle.
[   13.650047] systemd[1]: Detected architecture x86-64.

Welcome to [1mUbuntu 18.04.6 LTS[0m!

[   13.676692] systemd[1]: Set hostname to <web01>.
[   14.510464] systemd[1]: Reached target Mounting snaps.
[[0;32m  OK  [0m] Reached target Mounting snaps.
[   14.541096] systemd[1]: Reached target System Time Synchronized.
[[0;32m  OK  [0m] Reached target System Time Synchronized.
[   14.566094] systemd[1]: Created slice User and Session Slice.
[[0;32m  OK  [0m] Created slice User and Session Slice.
[   14.607168] systemd[1]: Reached target User and Group Name Lookups.
[[0;32m  OK  [0m] Reached target User and Group Name Lookups.
[   14.642382] systemd[1]: Set up automount Arbitrary Executable File Formats File System Automount Point.
[[0;32m  OK  [0m] Set up automount Arbitrary Executab…rmats File System Automount Point.
[   14.730497] systemd[1]: Started Forward Password Requests to Wall Directory Watch.
[[0;32m  OK  [0m] Started Forward Password Requests to Wall Directory Watch.
[[0;32m  OK  [0m] Reached target Mounted snaps.
[[0;32m  OK  [0m] Reached target Swap.
[[0;32m  OK  [0m] Created slice System Slice.
[[0;32m  OK  [0m] Listening on Network Service Netlink Socket.
[[0;32m  OK  [0m] Listening on /dev/initctl Compatibility Named Pipe.
[[0;32m  OK  [0m] Listening on Journal Audit Socket.
[[0;32m  OK  [0m] Listening on Syslog Socket.
[[0;32m  OK  [0m] Listening on udev Control Socket.
[[0;32m  OK  [0m] Reached target Slices.
[[0;32m  OK  [0m] Listening on fsck to fsckd communication Socket.
[[0;32m  OK  [0m] Created slice system-serial\x2dgetty.slice.
[[0;32m  OK  [0m] Listening on Journal Socket (/dev/log).
[[0;32m  OK  [0m] Listening on LVM2 poll daemon socket.
[[0;32m  OK  [0m] Listening on Journal Socket.
         Starting Create list of required st…ce nodes for the current kernel...
         Starting Journal Service...
         Starting File System Check on Root Device...
         Mounting Kernel Debug File System...
         Mounting Huge Pages File System...
         Mounting POSIX Message Queue File System...
         Starting Load Kernel Modules...
         Starting Set the console keyboard layout...
[[0;32m  OK  [0m] Listening on Device-mapper event daemon FIFOs.
[[0;32m  OK  [0m] Listening on LVM2 metadata daemon socket.
         Starting Monitor[   15.086525] Loading iSCSI transport class v2.0-870.
ing of LVM2 mirrors…ng dmeventd or progress polling...
[[0;32m  OK  [0m] Listening on udev Kernel Socket.
         Starting udev Coldplug all Devices...
         Starting Uncomplicated firewall...
[[0;32m  OK  [[   15.229892] iscsi: registered transport (tcp)
0m] Started Journal Service.
[[0;32m  OK  [0m] Started Create list of required sta…vice nodes for the current kernel.
[[0;32m  OK  [0m] Started File System Check on Root Device.
[[0;32m  OK  [0m] Mounted Kernel Debug File System.
[[0;32m  OK  [0m] Mounted Huge Pages File System.
[[0;32m  OK  [0[   15.313267] iscsi: registered transport (iser)
m] Mounted POSIX Message Queue File System.
[[0;32m  OK  [0m] Started Load Kernel Modules.
[[0;32m  OK  [0m] Started Uncomplicated firewall.
[[0;32m  OK  [0m] Started LVM2 metadata daemon.
[[0;32m  OK  [0m] Started File System Check Daemon to report status.
         Mounting Kernel Configuration File System...
         Starting Apply Kernel Variables...
         Mounting FUSE Control File System...
         Starting Remount Root and Kernel File Systems...
         Starting Create Static Device Nodes in /dev...
[[0;32m  OK  [0m] Started udev Coldplug all Devices.
[[0;32m  OK  [0m] Mounted Kernel Configuration File System.
[[0;32m  OK  [0m] Mounted FUSE Control File System.
[[0;32m  OK  [0m] Started Create Static Device Nodes in /dev.
[[0;32m  OK  [0m] Started Apply Kernel Variables.
[[0;32m  OK  [0m] Started Remount Root and Kernel File Systems.
[[0;32m  OK  [0m] Started Monitoring of LVM2 mirrors,…sing dmeventd or progress polling.
         Starting udev Kernel Device Manager...
         Starting Flush Journal to Persistent Storage...
         Starting Load/Save Random Seed...
[[0;32m  OK  [0m] Started Load/Save Random Seed.
[[0;32m  OK  [0m] Started udev Kernel Device Manager.
[[0;32m  OK  [0m] Started Flush Journal to Persistent Storage.
[[0;32m  OK  [0m] Found device /dev/ttyS0.
[[0;32m  OK  [0m] Listening on Load/Save RF Kill Switch Status /dev/rfkill Watch.
         Mounting Arbitrary Executable File Formats File System...
[[0;32m  OK  [0m] Mounted Arbitrary Executable File Formats File System.
[[0;32m  OK  [0m] Started Set the console keyboard layout.
[[0;32m  OK  [0m] Reached target Local File Systems (Pre).
[[0;32m  OK  [0m] Reached target Local File Systems.
         Starting Create Volatile Files and Directories...
         Starting ebtables ruleset management...
         Starting Set console font and keymap...
         Starting Tell Plymouth To Write Out Runtime Data...
         Starting AppArmor initialization...
[[0;32m  OK  [0m] Started Dispatch Password Requests to Console Directory Watch.
[[0;32m  OK  [0m] Reached target Local Encrypted Volumes.
[[0;32m  OK  [0m] Started Create Volatile Files and Directories.
         Starting Update UTMP about System Boot/Shutdown...
[[0;32m  OK  [0m] Started Set console font and keymap.
[[0;32m  OK  [0m] Started Tell Plymouth To Write Out Runtime Data.
[[0;32m  OK  [0m] Started Update UTMP about System Boot/Shutdown.
[[0;32m  OK  [0m] Started ebtables ruleset management.
[[0;32m  OK  [0m] Started AppArmor initialization.
         Starting Initial cloud-init job (pre-networking)...
         Starting Load AppArmor profiles managed internally by snapd...
[[0;32m  OK  [0m] Started Load AppArmor profiles managed internally by snapd.
[   21.521402] cloud-init[679]: Cloud-init v. 22.4.2-0ubuntu0~18.04.1 running 'init-local' at Fri, 17 Mar 2023 21:25:14 +0000. Up 20.81 seconds.
[[0;32m  OK  [0m] Started Initial cloud-init job (pre-networking).
[[0;32m  OK  [0m] Reached target Network (Pre).
         Starting Network Service...
[[0;32m  OK  [0m] Started Network Service.
         Starting Wait for Network to be Configured...
         Starting Network Name Resolution...
[[0;32m  OK  [0m] Started Network Name Resolution.
[[0;32m  OK  [0m] Reached target Network.
[[0;32m  OK  [0m] Reached target Host and Network Name Lookups.
[[0;32m  OK  [0m] Started Wait for Network to be Configured.
         Starting Initial cloud-init job (metadata service crawler)...
[   26.343230] cloud-init[819]: Cloud-init v. 22.4.2-0ubuntu0~18.04.1 running 'init' at Fri, 17 Mar 2023 21:25:19 +0000. Up 25.67 seconds.
[   26.379323] cloud-init[819]: ci-info: ++++++++++++++++++++++++++++++++++++++Net device info+++++++++++++++++++++++++++++++++++++++
[   26.403459] cloud-init[819]: ci-info: +--------+------+-----------------------------+---------------+--------+-------------------+
[   26.417900] cloud-init[819]: ci-info: | Device |  Up  |           Address           |      Mask     | Scope  |     Hw-Address    |
[   26.457950] cloud-init[819]: ci-info: +--------+------+-----------------------------+---------------+--------+-------------------+
[   26.467727] cloud-init[819]: ci-info: | enp0s3 | True |          10.0.2.15          | 255.255.255.0 | global | 02:df:c2:d4:51:e3 |
[   26.502072] cloud-init[819]: ci-info: | enp0s3 | True |  fe80::df:c2ff:fed4:51e3/64 |       .       |  link  | 02:df:c2:d4:51:e3 |
[   26.548334] cloud-init[819]: ci-info: | enp0s8 | True |        192.168.56.11        | 255.255.255.0 | global | 08:00:27:34:82:9b |
[   26.575473] cloud-init[819]: ci-info: | enp0s8 | True | fe80::a00:27ff:fe34:829b/64 |       .       |  link  | 08:00:27:34:82:9b |
[   26.663758] cloud-init[819]: ci-info: |   lo   | True |          127.0.0.1          |   255.0.0.0   |  host  |         .         |
[   26.682862] cloud-init[819]: ci-info: |   lo   | True |           ::1/128           |       .       |  host  |         .         |
[   26.716427] cloud-init[819]: ci-info: +--------+------+-----------------------------+---------------+--------+-------------------+
[   26.732923] cloud-init[819]: ci-info: +++++++++++++++++++++++++++++Route IPv4 info+++++++++++++++++++++++++++++
[   26.794475] cloud-init[819]: ci-info: +-------+--------------+----------+-----------------+-----------+-------+
[   26.864978] cloud-init[819]: ci-info: | Route | Destination  | Gateway  |     Genmask     | Interface | Flags |
[   26.882058] cloud-init[819]: ci-info: +-------+--------------+----------+-----------------+-----------+-------+
[   26.899022] cloud-init[819]: ci-info: |   0   |   0.0.0.0    | 10.0.2.2 |     0.0.0.0     |   enp0s3  |   UG  |
[   26.923101] cloud-init[819]: ci-info: |   1   |   10.0.2.0   | 0.0.0.0  |  255.255.255.0  |   enp0s3  |   U   |
[   26.943637] cloud-init[819]: ci-info: |   2   |   10.0.2.2   | 0.0.0.0  | 255.255.255.255 |   enp0s3  |   UH  |
[   26.967945] cloud-init[819]: ci-info: |   3   | 192.168.56.0 | 0.0.0.0  |  255.255.255.0  |   enp0s8  |   U   |
[   26.983577] cloud-init[819]: ci-info: +-------+--------------+----------+-----------------+-----------+-------+
[   27.079822] cloud-init[819]: ci-info: +++++++++++++++++++Route IPv6 info+++++++++++++++++++
[   27.112534] cloud-init[819]: ci-info: +-------+-------------+---------+-----------+-------+
[   27.158062] cloud-init[819]: ci-info: | Route | Destination | Gateway | Interface | Flags |
[[0;32m  OK  [0m] Started Initial cloud-init job (metadata service crawler).
[[0;32m  OK  [0m] Reached target System Initialization.
[[0;32m  OK  [0m] Listening on ACPID Listen Socket.
[   27.251317] [[0;32m  OK  [0m] Started Message of the Day.
[[0;32m  OK  [0mcloud-init[819]: ci-info: +-------+-------------+---------+-----------+-------+
] Listening on cloud-init hotplug hook socket.
[   27.296228] [[0;32m  OK  [0m] Started Discard unused blocks once a week.
cloud-init[819]: ci-info: |   1   |  fe80::/64  |    ::   |   enp0s3  |   U   |
[   27.377795] cloud-init[819]: ci-info: |   2   |  fe80::/64  |    ::   |   enp0s8  |   U   |
[[0;32m  OK  [0m] Started ACPI Events Check.
[   27.458657] [[0;32m  OK  [0m] Started Daily Cleanup of Temporary Directories.
cloud-init[819]: ci-info: |   4   |    local    |    ::   |   enp0s3  |   U   |
[[0;32m  OK  [0m] Listening on UUID daemon activation socket.
[[0;32m  OK  [0m] Reached target Paths.
[   27.611858] [[0;32m  OK  [0m] Listening on D-Bus System Message Bus Socket.
[[0;32m  OK  [0m] Started Daily apt download activities.
[[0;32m  OK  [0m] Started Daily apt upgrade and clean activities.
cloud-init[819]: ci-info: |   5   |    local    |    ::   |   enp0s8  |   U   |
         Starting LXD - unix socket.
[[0;32m  OK  [0m] Started Ubuntu Advantage Timer for running repeated jobs.
[[0;32m  OK  [0m] Reached target Timers.
         Starting Socket activation for snappy daemon.
[   27.846982] cloud-init[819]: ci-info: |   6   |   ff00::/8  |    ::   |   enp0s3  |   U   |
[[0;32m  OK  [0m] Listening on Open-iSCSI iscsid Socket.
[[0;32m  OK  [0m] Reached target Network is Online.
         Starting Availability of block devices...
[[0;32m  OK  [0m] Reached target Remote File Systems (Pre).
[[0;32m  OK  [0m] Reached target Remote File Systems.
[[0;32m  OK  [0m] Reached target Cloud-config availability.
[[0;32m  OK  [0m] Listening on LXD - unix socket.
[[0;32m  OK  [0m] Listening on Socket activation for snappy daemon.
[[0;32m  OK  [0m] Reached target Sockets.
[[0;32m  OK  [0m] Reached target Basic System.
[[0;32m  OK  [0m] Started Regular background program processing daemon.
         Starting Accounts Service...
         Starting Message of the Day...
[   28.212991] cloud-init[819]: ci-info: |   7   |   ff00::/8  |    ::   |   enp0s8  |   U   |
[   28.229154] cloud-init[819]: ci-info: +-------+-------------+---------+-----------+-------+         Starting LSB: automatic crash report generation...
         Starting Permit User Sessions...
         Starting LSB: Record successful boot for GRUB...

[[0;32m  OK  [0m] Started FUSE filesystem for LXC.
         Starting Snap Daemon...
[[0;32m  OK  [0m] Started D-Bus System Message Bus.
         Starting Discard unused blocks...
         Starting Dispatcher daemon for systemd-networkd...
[[0;32m  OK  [0m] Reached target Login Prompts (Pre).
         Starting Virtualbox guest utils...
         Starting System Logging Service...
[[0;32m  OK  [0m] Started Deferred execution scheduler.
[[0;32m  OK  [0m] Started irqbalance daemon.
         Starting OpenBSD Secure Shell server...
         Starting Login Service...
         Starting LXD - container startup/shutdown...
[[0;32m  OK  [0m] Started System Logging Service.
[[0;32m  OK  [0m] Started Availability of block devices.
[[0;32m  OK  [0m] Started Permit User Sessions.
[[0;32m  OK  [0m] Started Discard unused blocks.
[[0;32m  OK  [0m] Started OpenBSD Secure Shell server.
         Starting Authorization Manager...
         Starting Hold until boot process finishes up...
         Starting Terminate Plymouth Boot Screen...
[[0;32m  OK  [0m] Started Hold until boot process finishes up.
[[0;32m  OK  [0m] Started Terminate Plymouth Boot Screen.
[[0;32m  OK  [0m] Started Login Service.
[[0;32m  OK  [0m] Started Unattended Upgrades Shutdown.
[[0;32m  OK  [0m] Started Serial Getty on ttyS0.
         Starting Set console scheme...
[[0;32m  OK  [0m] Started Set console scheme.
[[0;32m  OK  [0m] Started LSB: automatic crash report generation.
[[0;32m  OK  [0m] Created slice system-getty.slice.
[[0;32m  OK  [0m] Started Getty on tty1.
[[0;32m  OK  [0m] Reached target Login Prompts.
[[0;32m  OK  [0m] Started LSB: Record successful boot for GRUB.
[[0;32m  OK  [0m] Started Authorization Manager.
[[0;32m  OK  [0m] Started Accounts Service.
[[0;32m  OK  [0m] Started Virtualbox guest utils.
[[0;32m  OK  [0m] Started LXD - container startup/shutdown.
[[0;32m  OK  [0m] Started Dispatcher daemon for systemd-networkd.
[[0;32m  OK  [0m] Created slice User Slice of vagrant.
         Starting User Manager for UID 1000...
[[0;32m  OK  [0m] Started Session 1 of user vagrant.
[[0;32m  OK  [0m] Started Snap Daemon.
         Starting Wait until snapd is fully seeded...
[[0;32m  OK  [0m] Started User Manager for UID 1000.
         Starting Time & Date Service...
[[0;32m  OK  [0m] Started Time & Date Service.
[[0;32m  OK  [0m] Started Wait until snapd is fully seeded.
         Starting Apply the settings specified in cloud-config...
[[0;32m  OK  [0m] Started Message of the Day.
[   33.046652] cloud-init[1236]: Cloud-init v. 22.4.2-0ubuntu0~18.04.1 running 'modules:config' at Fri, 17 Mar 2023 21:25:26 +0000. Up 32.58 seconds.
[[0;32m  OK  [0m] Started Apply the settings specified in cloud-config.
[[0;32m  OK  [0m] Reached target Multi-User System.
         Starting Execute cloud user/final scripts...
[[0;32m  OK  [0m] Reached target Graphical Interface.
         Starting Update UTMP about System Runlevel Changes...
[[0;32m  OK  [0m] Started Update UTMP about System Runlevel Changes.

Ubuntu 18.04.6 LTS web01 ttyS0

web01 login: [   35.575669] cloud-init[1316]: Cloud-init v. 22.4.2-0ubuntu0~18.04.1 running 'modules:final' at Fri, 17 Mar 2023 21:25:29 +0000. Up 35.20 seconds.
[   35.576493] cloud-init[1316]: Cloud-init v. 22.4.2-0ubuntu0~18.04.1 finished at Fri, 17 Mar 2023 21:25:29 +0000. Datasource DataSourceNoCloud [seed=/dev/sdb][dsmode=net].  Up 35.54 seconds
         Stopping udev Kernel Device Manager...
[[0;32m  OK  [0m] Stopped udev Kernel Device Manager.
         Starting udev Kernel Device Manager...
[[0;32m  OK  [0m] Started udev Kernel Device Manager.
         Stopping Network Service...
[[0;32m  OK  [0m] Stopped Network Service.
         Starting Network Service...
[[0;32m  OK  [0m] Started Network Service.
         Stopping Network Name Resolution...
[[0;32m  OK  [0m] Stopped Network Name Resolution.
         Starting Network Name Resolution...
[[0;32m  OK  [0m] Started Network Name Resolution.
[[0;32m  OK  [0m] Stopped Flush Journal to Persistent Storage.
         Stopping Flush Journal to Persistent Storage...
         Stopping Journal Service...
[[0;32m  OK  [0m] Stopped Journal Service.
         Starting Journal Service...
[[0;32m  OK  [0m] Started Journal Service.
         Starting Flush Journal to Persistent Storage...
[[0;32m  OK  [0m] Started Flush Journal to Persistent Storage.
[[0;32m  OK  [0m] Started Daily apt upgrade and clean activities.
